0 info it worked if it ends with ok
1 verbose cli [ 'C:\\Program Files\\nodejs\\node.exe',
1 verbose cli   'C:\\Program Files\\nodejs\\node_modules\\npm\\bin\\npm-cli.js',
1 verbose cli   'publish' ]
2 info using npm@3.10.3
3 info using node@v6.3.0
4 verbose publish [ '.' ]
5 silly cache add args [ '.', null ]
6 verbose cache add spec .
7 silly cache add parsed spec Result {
7 silly cache add   raw: '.',
7 silly cache add   scope: null,
7 silly cache add   escapedName: null,
7 silly cache add   name: null,
7 silly cache add   rawSpec: '.',
7 silly cache add   spec: 'D:\\your-mom',
7 silly cache add   type: 'directory' }
8 verbose addLocalDirectory C:\Users\Elie\AppData\Roaming\npm-cache\your-mom\1.0.0\package.tgz not in flight; packing
9 verbose correctMkdir C:\Users\Elie\AppData\Roaming\npm-cache correctMkdir not in flight; initializing
10 info lifecycle your-mom@1.0.0~prepublish: your-mom@1.0.0
11 verbose lifecycle your-mom@1.0.0~prepublish: unsafe-perm in lifecycle true
12 verbose lifecycle your-mom@1.0.0~prepublish: PATH: C:\Program Files\nodejs\node_modules\npm\bin\node-gyp-bin;D:\your-mom\node_modules\.bin;C:\Program Files\nodejs;C:\Program Files\ImageMagick-7.0.2-Q16;C:\Users\Elie\AppData\Local\Programs\Python\Python35-32\Lib\site-packages\PyQt5;C:\Program Files (x86)\OpenLibraries\bin;C:\Wiz;C:\Perl64\bin;C:\iverilog\bin;C:\Tcl\bin;C:\Program Files\nodejs;C:\Program Files\LLVM\bin;C:\MinGW\bin;C:\ACME;C:\Windows\System32;C:\Program Files\Java\jre1.8.0_91\bin;C:\Program Files\Git\bin;C:\Program Files\doxygen\bin;C:\MinGW\msys\1.0\bin;C:\Program Files\Java\jdk1.8.0_77\bin;C:\Users\Elie\Desktop\Build\ghc-7.10.3\bin;C:\Users\Elie\AppData\Local\bin\NASM;C:\Program Files (x86)\CMake\bin;C:\Program Files (x86)\NVIDIA Corporation\PhysX\Common;C:\Program Files (x86)\MiKTeX 2.9\miktex\bin\;C:\Program Files\MultiMarkdown 5.3.0\bin;C:\Program Files\Rust stable GNU 1.9\bin;C:\D\dmd2\windows\bin;C:\Program Files (x86)\dub;C:\Program Files (x86)\Skype\Phone\;C:\Program Files\swipl\bin;C:\Program Files\nodejs\;C:\Ruby23\bin;C:\Users\Elie\AppData\Local\Programs\Python\Python35-32\Scripts\;C:\Users\Elie\AppData\Local\Programs\Python\Python35-32\;C:\Users\Elie\AppData\Local\Programs\Python\Python35-32\Tools\scripts\;C:\Users\Elie\AppData\Roaming\Composer\vendor\bin;C:\Program Files\qemu;C:\Users\Elie\AppData\Roaming\npm
13 verbose lifecycle your-mom@1.0.0~prepublish: CWD: D:\your-mom
14 silly lifecycle your-mom@1.0.0~prepublish: Args: [ '/d /s /c', 'babel src -d lib --minified' ]
15 silly lifecycle your-mom@1.0.0~prepublish: Returned: code: 0  signal: null
16 verbose tar pack [ 'C:\\Users\\Elie\\AppData\\Roaming\\npm-cache\\your-mom\\1.0.0\\package.tgz',
16 verbose tar pack   'D:\\your-mom' ]
17 verbose tarball C:\Users\Elie\AppData\Roaming\npm-cache\your-mom\1.0.0\package.tgz
18 verbose folder D:\your-mom
19 verbose addLocalTarball adding from inside cache C:\Users\Elie\AppData\Roaming\npm-cache\your-mom\1.0.0\package.tgz
20 verbose correctMkdir C:\Users\Elie\AppData\Roaming\npm-cache correctMkdir not in flight; initializing
21 silly cache afterAdd your-mom@1.0.0
22 verbose afterAdd C:\Users\Elie\AppData\Roaming\npm-cache\your-mom\1.0.0\package\package.json not in flight; writing
23 verbose correctMkdir C:\Users\Elie\AppData\Roaming\npm-cache correctMkdir not in flight; initializing
24 verbose afterAdd C:\Users\Elie\AppData\Roaming\npm-cache\your-mom\1.0.0\package\package.json written
25 silly publish { name: 'your-mom',
25 silly publish   version: '1.0.0',
25 silly publish   description: 'y u do dis ;_; a golf lang',
25 silly publish   main: 'lib/yourmom.js',
25 silly publish   scripts:
25 silly publish    { test: 'echo "Error: no test specified" && exit 1',
25 silly publish      prepublish: 'babel src -d lib --minified',
25 silly publish      start: 'node ./lib/yourmom.js',
25 silly publish      build: 'babel src -d lib' },
25 silly publish   repository:
25 silly publish    { type: 'git',
25 silly publish      url: 'git+https://github.com/tuxcrafting/your-mom.git' },
25 silly publish   author: { name: 'TuxCrafting' },
25 silly publish   license: 'UNLICENSED',
25 silly publish   bugs: { url: 'https://github.com/tuxcrafting/your-mom/issues' },
25 silly publish   homepage: 'https://github.com/tuxcrafting/your-mom#readme',
25 silly publish   devDependencies: { 'babel-cli': '^6.10.1', 'babel-preset-es2015': '^6.9.0' },
25 silly publish   dependencies: { commander: '^2.9.0', 'prompt-sync': '^4.1.4' },
25 silly publish   readme: '# Your Mom\r\nA golfing language\r\n\r\nJust run `npm install` to install and compile. Then run `npm start` or `node ./lib/yourmom.js` to run.\r\n\r\nIf `npm install` errors. Run `rm -rf node_modules/ && npm install`.\r\n',
25 silly publish   readmeFilename: 'README.md',
25 silly publish   gitHead: '33daa3ce4d7cca5731146c5d090a92141ef46976',
25 silly publish   _id: 'your-mom@1.0.0',
25 silly publish   _shasum: 'a7334b61068594d67550651405522833c1c3cd1b',
25 silly publish   _from: '.' }
26 verbose getPublishConfig undefined
27 silly mapToRegistry name your-mom
28 silly mapToRegistry using default registry
29 silly mapToRegistry registry https://registry.npmjs.org/
30 silly mapToRegistry data Result {
30 silly mapToRegistry   raw: 'your-mom',
30 silly mapToRegistry   scope: null,
30 silly mapToRegistry   escapedName: 'your-mom',
30 silly mapToRegistry   name: 'your-mom',
30 silly mapToRegistry   rawSpec: '',
30 silly mapToRegistry   spec: 'latest',
30 silly mapToRegistry   type: 'tag' }
31 silly mapToRegistry uri https://registry.npmjs.org/your-mom
32 verbose publish registryBase https://registry.npmjs.org/
33 silly publish uploading C:\Users\Elie\AppData\Roaming\npm-cache\your-mom\1.0.0\package.tgz
34 verbose request uri https://registry.npmjs.org/your-mom
35 verbose request sending authorization for write operation
36 info attempt registry request try #1 at 21:58:48
37 verbose request using bearer token for auth
38 verbose request id 32c3443444c01842
39 http request PUT https://registry.npmjs.org/your-mom
40 http 403 https://registry.npmjs.org/your-mom
41 verbose headers { 'content-type': 'application/json',
41 verbose headers   'cache-control': 'max-age=300',
41 verbose headers   'content-length': '95',
41 verbose headers   'accept-ranges': 'bytes',
41 verbose headers   date: 'Wed, 13 Jul 2016 19:58:47 GMT',
41 verbose headers   via: '1.1 varnish',
41 verbose headers   connection: 'keep-alive',
41 verbose headers   'x-served-by': 'cache-fra1239-FRA',
41 verbose headers   'x-cache': 'MISS',
41 verbose headers   'x-cache-hits': '0',
41 verbose headers   'x-timer': 'S1468439926.137044,VS0,VE1067',
41 verbose headers   vary: 'Accept-Encoding' }
42 verbose request invalidating C:\Users\Elie\AppData\Roaming\npm-cache\registry.npmjs.org\your-mom on PUT
43 error publish Failed PUT 403
44 verbose stack Error: "You cannot publish over the previously published version 1.0.0." : your-mom
44 verbose stack     at makeError (C:\Program Files\nodejs\node_modules\npm\node_modules\npm-registry-client\lib\request.js:264:12)
44 verbose stack     at CachingRegistryClient.<anonymous> (C:\Program Files\nodejs\node_modules\npm\node_modules\npm-registry-client\lib\request.js:252:14)
44 verbose stack     at Request._callback (C:\Program Files\nodejs\node_modules\npm\node_modules\npm-registry-client\lib\request.js:172:14)
44 verbose stack     at Request.self.callback (C:\Program Files\nodejs\node_modules\npm\node_modules\request\request.js:200:22)
44 verbose stack     at emitTwo (events.js:106:13)
44 verbose stack     at Request.emit (events.js:191:7)
44 verbose stack     at Request.<anonymous> (C:\Program Files\nodejs\node_modules\npm\node_modules\request\request.js:1067:10)
44 verbose stack     at emitOne (events.js:101:20)
44 verbose stack     at Request.emit (events.js:188:7)
44 verbose stack     at IncomingMessage.<anonymous> (C:\Program Files\nodejs\node_modules\npm\node_modules\request\request.js:988:12)
45 verbose statusCode 403
46 verbose pkgid your-mom
47 verbose cwd D:\your-mom
48 error Windows_NT 10.0.10586
49 error argv "C:\\Program Files\\nodejs\\node.exe" "C:\\Program Files\\nodejs\\node_modules\\npm\\bin\\npm-cli.js" "publish"
50 error node v6.3.0
51 error npm  v3.10.3
52 error code E403
53 error "You cannot publish over the previously published version 1.0.0." : your-mom
54 error If you need help, you may report this error at:
54 error     <https://github.com/npm/npm/issues>
55 verbose exit [ 1, true ]
